09, 28, 2018 (10:45:58): Opening rpy file C:\Program Files (x86)\IBM\Rational\Rhapsody Modeler\7.5\Share\Properties\PredefinedTypes.sbs
09, 28, 2018 (10:45:58): 
 Started loading C:\Program Files (x86)\IBM\Rational\Rhapsody Modeler\7.5\Share\Properties\PredefinedTypes.sbs on Friday, September 28, 2018 (10:45:58).-

09, 28, 2018 (10:45:58): 

Starting inUnit resolution phase


09, 28, 2018 (10:45:58): 

Finished inUnit resolution phase


09, 28, 2018 (10:45:58): 
 Finished loading C:\Program Files (x86)\IBM\Rational\Rhapsody Modeler\7.5\Share\Properties\PredefinedTypes.sbs on Friday, September 28, 2018 (10:45:58).-

09, 28, 2018 (10:45:58): Opening rpy file C:\Program Files (x86)\IBM\Rational\Rhapsody Modeler\7.5\Share\Properties\PredefinedTypesC++.sbs
09, 28, 2018 (10:45:58): 
 Started loading C:\Program Files (x86)\IBM\Rational\Rhapsody Modeler\7.5\Share\Properties\PredefinedTypesC++.sbs on Friday, September 28, 2018 (10:45:58).-

09, 28, 2018 (10:45:58): 

Starting inUnit resolution phase


09, 28, 2018 (10:45:58): 

Finished inUnit resolution phase


09, 28, 2018 (10:45:59): 
 Finished loading C:\Program Files (x86)\IBM\Rational\Rhapsody Modeler\7.5\Share\Properties\PredefinedTypesC++.sbs on Friday, September 28, 2018 (10:45:59).-

09, 28, 2018 (10:45:59): Opening rpy file F:\CSC 340 Individual Project--Draft\CSC 340 Individual Project--Draft\CSC 340 Individual Project--Draft\PharmacyManagementSystem\PharmacyManagementSystem.rpy
09, 28, 2018 (10:45:59): 
 Started loading F:\CSC 340 Individual Project--Draft\CSC 340 Individual Project--Draft\CSC 340 Individual Project--Draft\PharmacyManagementSystem\PharmacyManagementSystem.rpy on Friday, September 28, 2018 (10:45:59).-

09, 28, 2018 (10:45:59): Opening rpy file F:\CSC 340 Individual Project--Draft\CSC 340 Individual Project--Draft\CSC 340 Individual Project--Draft\PharmacyManagementSystem\PharmacyManagementSystem_rpy\Default.sbs
09, 28, 2018 (10:45:59): 
 Started loading F:\CSC 340 Individual Project--Draft\CSC 340 Individual Project--Draft\CSC 340 Individual Project--Draft\PharmacyManagementSystem\PharmacyManagementSystem_rpy\Default.sbs on Friday, September 28, 2018 (10:45:59).-

09, 28, 2018 (10:45:59): 

Starting inUnit resolution phase


09, 28, 2018 (10:45:59): 

Finished inUnit resolution phase


09, 28, 2018 (10:45:59): 
 Finished loading F:\CSC 340 Individual Project--Draft\CSC 340 Individual Project--Draft\CSC 340 Individual Project--Draft\PharmacyManagementSystem\PharmacyManagementSystem_rpy\Default.sbs on Friday, September 28, 2018 (10:45:59).-

09, 28, 2018 (10:45:59): Opening rpy file F:\CSC 340 Individual Project--Draft\CSC 340 Individual Project--Draft\CSC 340 Individual Project--Draft\PharmacyManagementSystem\PharmacyManagementSystem_rpy\DefaultComponent.cmp
09, 28, 2018 (10:45:59): 
 Started loading F:\CSC 340 Individual Project--Draft\CSC 340 Individual Project--Draft\CSC 340 Individual Project--Draft\PharmacyManagementSystem\PharmacyManagementSystem_rpy\DefaultComponent.cmp on Friday, September 28, 2018 (10:45:59).-

09, 28, 2018 (10:45:59): 

Starting inUnit resolution phase


09, 28, 2018 (10:45:59): 

Finished inUnit resolution phase


09, 28, 2018 (10:45:59): 
 Finished loading F:\CSC 340 Individual Project--Draft\CSC 340 Individual Project--Draft\CSC 340 Individual Project--Draft\PharmacyManagementSystem\PharmacyManagementSystem_rpy\DefaultComponent.cmp on Friday, September 28, 2018 (10:45:59).-

09, 28, 2018 (10:45:59): 

Starting inUnit resolution phase


09, 28, 2018 (10:45:59): 

Finished inUnit resolution phase


09, 28, 2018 (10:45:59): 

Starting inUnit resolution phase


09, 28, 2018 (10:45:59): 

Finished inUnit resolution phase


09, 28, 2018 (10:45:59): 

Starting inUnit resolution phase


09, 28, 2018 (10:45:59): 

Finished inUnit resolution phase


09, 28, 2018 (10:45:59): 
 Finished loading F:\CSC 340 Individual Project--Draft\CSC 340 Individual Project--Draft\CSC 340 Individual Project--Draft\PharmacyManagementSystem\PharmacyManagementSystem.rpy on Friday, September 28, 2018 (10:45:59).-

09, 28, 2018 (10:45:59): Starting checks of EventsBaseID conflicts
09, 28, 2018 (10:45:59): Finished checks of EventsBaseID conflicts
09, 28, 2018 (10:45:59): End Log
