09, 28, 2018 (10:48:49): Starting Pre-Save actions

09, 28, 2018 (10:48:49): Starting Dialogs Check/Save
09, 28, 2018 (10:48:49): Finished Dialogs Check/Save
09, 28, 2018 (10:48:49): Starting Controlled Files Resolution
09, 28, 2018 (10:48:49): Finished Controlled Files Resolution
09, 28, 2018 (10:48:49): Finished Pre-Save actions

09, 28, 2018 (10:48:49): Creating F:\CSC 340 Individual Project--Draft\CSC 340 Individual Project--Draft\CSC 340 Individual Project--Draft\PharmacyManagementSystem\PharmacyManagementSystem.rpy
09, 28, 2018 (10:48:49): 
Started writing F:\CSC 340 Individual Project--Draft\CSC 340 Individual Project--Draft\CSC 340 Individual Project--Draft\PharmacyManagementSystem\PharmacyManagementSystem.rpy on Friday, September 28, 2018 (10:48:49)

09, 28, 2018 (10:48:49): version 8.5.2
09, 28, 2018 (10:48:49): 
Started writing F:\CSC 340 Individual Project--Draft\CSC 340 Individual Project--Draft\CSC 340 Individual Project--Draft\PharmacyManagementSystem\PharmacyManagementSystem_rpy\filesTable.dat on Friday, September 28, 2018 (10:48:49)

09, 28, 2018 (10:48:49): Finished writing F:\CSC 340 Individual Project--Draft\CSC 340 Individual Project--Draft\CSC 340 Individual Project--Draft\PharmacyManagementSystem\PharmacyManagementSystem_rpy\filesTable.dat on Friday, September 28, 2018 (10:48:49)

09, 28, 2018 (10:48:49): Creating F:\CSC 340 Individual Project--Draft\CSC 340 Individual Project--Draft\CSC 340 Individual Project--Draft\PharmacyManagementSystem\PharmacyManagementSystem_rpy\Default.sbs
09, 28, 2018 (10:48:49): 
Started writing F:\CSC 340 Individual Project--Draft\CSC 340 Individual Project--Draft\CSC 340 Individual Project--Draft\PharmacyManagementSystem\PharmacyManagementSystem_rpy\Default.sbs on Friday, September 28, 2018 (10:48:49)

09, 28, 2018 (10:48:49): version 8.5.2
09, 28, 2018 (10:48:49): Finished writing F:\CSC 340 Individual Project--Draft\CSC 340 Individual Project--Draft\CSC 340 Individual Project--Draft\PharmacyManagementSystem\PharmacyManagementSystem_rpy\Default.sbs on Friday, September 28, 2018 (10:48:49)

09, 28, 2018 (10:48:50): Creating F:\CSC 340 Individual Project--Draft\CSC 340 Individual Project--Draft\CSC 340 Individual Project--Draft\PharmacyManagementSystem\PharmacyManagementSystem_rpy\DefaultComponent.cmp
09, 28, 2018 (10:48:50): 
Started writing F:\CSC 340 Individual Project--Draft\CSC 340 Individual Project--Draft\CSC 340 Individual Project--Draft\PharmacyManagementSystem\PharmacyManagementSystem_rpy\DefaultComponent.cmp on Friday, September 28, 2018 (10:48:50)

09, 28, 2018 (10:48:50): version 8.5.2
09, 28, 2018 (10:48:50): Finished writing F:\CSC 340 Individual Project--Draft\CSC 340 Individual Project--Draft\CSC 340 Individual Project--Draft\PharmacyManagementSystem\PharmacyManagementSystem_rpy\DefaultComponent.cmp on Friday, September 28, 2018 (10:48:50)

09, 28, 2018 (10:48:50): Finished writing F:\CSC 340 Individual Project--Draft\CSC 340 Individual Project--Draft\CSC 340 Individual Project--Draft\PharmacyManagementSystem\PharmacyManagementSystem.rpy on Friday, September 28, 2018 (10:48:50)

09, 28, 2018 (10:48:50): End Log
